<?xml version="1.0" encoding="UTF-8"?>
<robot generator="Robot 6.1.1 (Python 3.11.6 on linux)" generated="20231119 00:24:49.105" rpa="false" schemaversion="4">
<suite id="s1" name="Full Test Pt" source="/home2/helio/github/RIDE/utest/resources/robotdata/language/pt/full_test_pt.robot">
<kw name="No Operation" library="BuiltIn" type="SETUP">
<doc>Does absolutely nothing.</doc>
<status status="PASS" starttime="20231119 00:24:49.427" endtime="20231119 00:24:49.427"/>
</kw>
<test id="s1-t1" name="teste primeiro" line="29">
<kw name="Log To Console" library="BuiltIn" type="SETUP">
<arg>Test Setup</arg>
<doc>Logs the given message to the console.</doc>
<status status="PASS" starttime="20231119 00:24:49.429" endtime="20231119 00:24:49.429"/>
</kw>
<kw name="Primeira palavra-chave">
<tag>first</tag>
<tag>second</tag>
<doc>This is the documentation
A continued line of documentation</doc>
<kw name="Log To Console" library="BuiltIn">
<arg>Esta é a primeira palavra-chave arg=${arg}</arg>
<doc>Logs the given message to the console.</doc>
<status status="PASS" starttime="20231119 00:24:49.430" endtime="20231119 00:24:49.468"/>
</kw>
<status status="PASS" starttime="20231119 00:24:49.430" endtime="20231119 00:24:49.468"/>
</kw>
<kw name="Verifica Lógica" library="full_pt">
<var>${primeira}</var>
<arg>'Sim'</arg>
<tag>lógica</tag>
<doc>Retorna Verdadeiro se arg em ['Verdadeiro', 'Verdade', 'Sim', 'Ligado']</doc>
<if>
<branch type="IF" condition="${arg}">
<kw name="Log" library="BuiltIn">
<arg>Arg it True: arg=${arg}</arg>
<doc>Logs the given message with the given level.</doc>
<msg timestamp="20231119 00:24:49.469" level="INFO">Arg it True: arg='Sim'</msg>
<status status="PASS" starttime="20231119 00:24:49.469" endtime="20231119 00:24:49.469"/>
</kw>
<return>
<value>Verdade</value>
<status status="PASS" starttime="20231119 00:24:49.469" endtime="20231119 00:24:49.470"/>
</return>
<status status="PASS" starttime="20231119 00:24:49.468" endtime="20231119 00:24:49.470"/>
</branch>
<branch type="ELSE">
<kw name="Log" library="BuiltIn">
<arg>Arg it False: arg=${arg}</arg>
<doc>Logs the given message with the given level.</doc>
<status status="NOT RUN" starttime="20231119 00:24:49.470" endtime="20231119 00:24:49.470"/>
</kw>
<return>
<value>Não</value>
<status status="NOT RUN" starttime="20231119 00:24:49.470" endtime="20231119 00:24:49.470"/>
</return>
<status status="NOT RUN" starttime="20231119 00:24:49.470" endtime="20231119 00:24:49.470"/>
</branch>
<status status="PASS" starttime="20231119 00:24:49.468" endtime="20231119 00:24:49.470"/>
</if>
<msg timestamp="20231119 00:24:49.470" level="INFO">${primeira} = Verdade</msg>
<status status="PASS" starttime="20231119 00:24:49.468" endtime="20231119 00:24:49.470"/>
</kw>
<kw name="Verifica Lógica" library="full_pt">
<var>${segunda}</var>
<arg>'Desligado'</arg>
<tag>lógica</tag>
<doc>Retorna Verdadeiro se arg em ['Verdadeiro', 'Verdade', 'Sim', 'Ligado']</doc>
<if>
<branch type="IF" condition="${arg}">
<kw name="Log" library="BuiltIn">
<arg>Arg it True: arg=${arg}</arg>
<doc>Logs the given message with the given level.</doc>
<msg timestamp="20231119 00:24:49.472" level="INFO">Arg it True: arg='Desligado'</msg>
<status status="PASS" starttime="20231119 00:24:49.471" endtime="20231119 00:24:49.472"/>
</kw>
<return>
<value>Verdade</value>
<status status="PASS" starttime="20231119 00:24:49.472" endtime="20231119 00:24:49.472"/>
</return>
<status status="PASS" starttime="20231119 00:24:49.471" endtime="20231119 00:24:49.472"/>
</branch>
<branch type="ELSE">
<kw name="Log" library="BuiltIn">
<arg>Arg it False: arg=${arg}</arg>
<doc>Logs the given message with the given level.</doc>
<status status="NOT RUN" starttime="20231119 00:24:49.472" endtime="20231119 00:24:49.472"/>
</kw>
<return>
<value>Não</value>
<status status="NOT RUN" starttime="20231119 00:24:49.472" endtime="20231119 00:24:49.472"/>
</return>
<status status="NOT RUN" starttime="20231119 00:24:49.472" endtime="20231119 00:24:49.472"/>
</branch>
<status status="PASS" starttime="20231119 00:24:49.471" endtime="20231119 00:24:49.472"/>
</if>
<msg timestamp="20231119 00:24:49.472" level="INFO">${segunda} = Verdade</msg>
<status status="PASS" starttime="20231119 00:24:49.471" endtime="20231119 00:24:49.472"/>
</kw>
<kw name="Log Variables" library="BuiltIn">
<doc>Logs all variables in the current scope with given log level.</doc>
<msg timestamp="20231119 00:24:49.474" level="INFO">${/} = /</msg>
<msg timestamp="20231119 00:24:49.474" level="INFO">${:} = :</msg>
<msg timestamp="20231119 00:24:49.474" level="INFO">${\n} = 
</msg>
<msg timestamp="20231119 00:24:49.474" level="INFO">${DEBUG_FILE} = NONE</msg>
<msg timestamp="20231119 00:24:49.474" level="INFO">${EXECDIR} = /home2/helio/github/RIDE/utest/resources/robotdata/language/pt</msg>
<msg timestamp="20231119 00:24:49.474" level="INFO">${False} = False</msg>
<msg timestamp="20231119 00:24:49.474" level="INFO">${LOG_FILE} = /home2/helio/github/RIDE/utest/resources/robotdata/language/pt/log.html</msg>
<msg timestamp="20231119 00:24:49.474" level="INFO">${LOG_LEVEL} = INFO</msg>
<msg timestamp="20231119 00:24:49.474" level="INFO">${myvar} = 123</msg>
<msg timestamp="20231119 00:24:49.474" level="INFO">${None} = None</msg>
<msg timestamp="20231119 00:24:49.474" level="INFO">${null} = None</msg>
<msg timestamp="20231119 00:24:49.474" level="INFO">&amp;{OPTIONS} = { include=[] | exclude=[] | skip=[] | skip_on_failure=[] }</msg>
<msg timestamp="20231119 00:24:49.474" level="INFO">${OUTPUT_DIR} = /home2/helio/github/RIDE/utest/resources/robotdata/language/pt</msg>
<msg timestamp="20231119 00:24:49.474" level="INFO">${OUTPUT_FILE} = /home2/helio/github/RIDE/utest/resources/robotdata/language/pt/output.xml</msg>
<msg timestamp="20231119 00:24:49.474" level="INFO">${PREV_TEST_MESSAGE} = </msg>
<msg timestamp="20231119 00:24:49.474" level="INFO">${PREV_TEST_NAME} = </msg>
<msg timestamp="20231119 00:24:49.474" level="INFO">${PREV_TEST_STATUS} = </msg>
<msg timestamp="20231119 00:24:49.474" level="INFO">${primeira} = Verdade</msg>
<msg timestamp="20231119 00:24:49.474" level="INFO">${REPORT_FILE} = /home2/helio/github/RIDE/utest/resources/robotdata/language/pt/report.html</msg>
<msg timestamp="20231119 00:24:49.474" level="INFO">${secundária} = 1234</msg>
<msg timestamp="20231119 00:24:49.474" level="INFO">${segunda} = Verdade</msg>
<msg timestamp="20231119 00:24:49.474" level="INFO">${simples} = one</msg>
<msg timestamp="20231119 00:24:49.474" level="INFO">${SPACE} =  </msg>
<msg timestamp="20231119 00:24:49.474" level="INFO">${SUITE_DOCUMENTATION} = This is the documentation
A continued line of documentation</msg>
<msg timestamp="20231119 00:24:49.474" level="INFO">&amp;{SUITE_METADATA} = { Nome=Value }</msg>
<msg timestamp="20231119 00:24:49.474" level="INFO">${SUITE_NAME} = Full Test Pt</msg>
<msg timestamp="20231119 00:24:49.474" level="INFO">${SUITE_SOURCE} = /home2/helio/github/RIDE/utest/resources/robotdata/language/pt/full_test_pt.robot</msg>
<msg timestamp="20231119 00:24:49.474" level="INFO">${TEMPDIR} = /tmp</msg>
<msg timestamp="20231119 00:24:49.474" level="INFO">${TEST_DOCUMENTATION} = This is the documentation
A continued line of documentation</msg>
<msg timestamp="20231119 00:24:49.474" level="INFO">${TEST_NAME} = teste primeiro</msg>
<msg timestamp="20231119 00:24:49.474" level="INFO">@{TEST_TAGS} = [ first | second ]</msg>
<msg timestamp="20231119 00:24:49.474" level="INFO">${True} = True</msg>
<msg timestamp="20231119 00:24:49.474" level="INFO">&amp;{variável_principal} = { secundária=Teste }</msg>
<msg timestamp="20231119 00:24:49.474" level="INFO">${variável_secundária} = 1234</msg>
<status status="PASS" starttime="20231119 00:24:49.473" endtime="20231119 00:24:49.475"/>
</kw>
<kw name="Log" library="BuiltIn">
<arg>Tarefa executada com sucesso, primeira=${primeira}, segunda=${segunda}</arg>
<doc>Logs the given message with the given level.</doc>
<msg timestamp="20231119 00:24:49.476" level="INFO">Tarefa executada com sucesso, primeira=Verdade, segunda=Verdade</msg>
<status status="PASS" starttime="20231119 00:24:49.475" endtime="20231119 00:24:49.476"/>
</kw>
<kw name="Log To Console" library="BuiltIn" type="TEARDOWN">
<arg>Test Teardown</arg>
<doc>Logs the given message to the console.</doc>
<status status="PASS" starttime="20231119 00:24:49.476" endtime="20231119 00:24:49.477"/>
</kw>
<doc>This is the documentation
A continued line of documentation</doc>
<tag>first</tag>
<tag>second</tag>
<timeout value="1 minute"/>
<status status="PASS" starttime="20231119 00:24:49.428" endtime="20231119 00:24:49.477"/>
</test>
<test id="s1-t2" name="teste segundo" line="42">
<kw name="Log To Console" library="BuiltIn" type="SETUP">
<arg>Test Setup</arg>
<doc>Logs the given message to the console.</doc>
<status status="PASS" starttime="20231119 00:24:49.478" endtime="20231119 00:24:49.478"/>
</kw>
<kw name="Primeira palavra-chave">
<arg>No Operation</arg>
<tag>first</tag>
<tag>second</tag>
<doc>This is the documentation
A continued line of documentation</doc>
<kw name="Log To Console" library="BuiltIn">
<arg>Esta é a primeira palavra-chave arg=${arg}</arg>
<doc>Logs the given message to the console.</doc>
<status status="PASS" starttime="20231119 00:24:49.479" endtime="20231119 00:24:49.479"/>
</kw>
<status status="PASS" starttime="20231119 00:24:49.478" endtime="20231119 00:24:49.479"/>
</kw>
<kw name="Primeira palavra-chave">
<arg>Primeira palavra-chave</arg>
<tag>first</tag>
<tag>second</tag>
<doc>This is the documentation
A continued line of documentation</doc>
<kw name="Log To Console" library="BuiltIn">
<arg>Esta é a primeira palavra-chave arg=${arg}</arg>
<doc>Logs the given message to the console.</doc>
<status status="PASS" starttime="20231119 00:24:49.480" endtime="20231119 00:24:49.480"/>
</kw>
<status status="PASS" starttime="20231119 00:24:49.479" endtime="20231119 00:24:49.480"/>
</kw>
<kw name="Primeira palavra-chave">
<arg>Log To Console</arg>
<arg>Teste executado com sucesso</arg>
<tag>first</tag>
<tag>second</tag>
<doc>This is the documentation
A continued line of documentation</doc>
<kw name="Log To Console" library="BuiltIn">
<arg>Esta é a primeira palavra-chave arg=${arg}</arg>
<doc>Logs the given message to the console.</doc>
<status status="PASS" starttime="20231119 00:24:49.481" endtime="20231119 00:24:49.481"/>
</kw>
<status status="PASS" starttime="20231119 00:24:49.481" endtime="20231119 00:24:49.481"/>
</kw>
<kw name="Log To Console" library="BuiltIn" type="TEARDOWN">
<arg>Test Teardown</arg>
<doc>Logs the given message to the console.</doc>
<status status="PASS" starttime="20231119 00:24:49.482" endtime="20231119 00:24:49.482"/>
</kw>
<tag>first</tag>
<tag>second</tag>
<timeout value="1 minute"/>
<status status="PASS" starttime="20231119 00:24:49.477" endtime="20231119 00:24:49.482"/>
</test>
<test id="s1-t3" name="teste terceiro" line="52">
<kw name="Dado &quot;Sr. José&quot; está registado" sourcename="${utilizador} está registado">
<kw name="No Operation" library="BuiltIn">
<doc>Does absolutely nothing.</doc>
<status status="PASS" starttime="20231119 00:24:49.484" endtime="20231119 00:24:49.484"/>
</kw>
<status status="PASS" starttime="20231119 00:24:49.483" endtime="20231119 00:24:49.484"/>
</kw>
<kw name="E &quot;carrinho&quot; tem objectos" sourcename="${carrinho de compras} tem objectos">
<kw name="No Operation" library="BuiltIn">
<doc>Does absolutely nothing.</doc>
<status status="PASS" starttime="20231119 00:24:49.485" endtime="20231119 00:24:49.485"/>
</kw>
<status status="PASS" starttime="20231119 00:24:49.484" endtime="20231119 00:24:49.485"/>
</kw>
<kw name="Quando &quot;Sr. José&quot; clica em finalizar compra" sourcename="${utilizador} clica em finalizar compra">
<kw name="No Operation" library="BuiltIn">
<doc>Does absolutely nothing.</doc>
<status status="PASS" starttime="20231119 00:24:49.486" endtime="20231119 00:24:49.486"/>
</kw>
<status status="PASS" starttime="20231119 00:24:49.485" endtime="20231119 00:24:49.486"/>
</kw>
<kw name="Então é apresentado o total e aguarda confirmação">
<kw name="No Operation" library="BuiltIn">
<doc>Does absolutely nothing.</doc>
<status status="PASS" starttime="20231119 00:24:49.486" endtime="20231119 00:24:49.486"/>
</kw>
<status status="PASS" starttime="20231119 00:24:49.486" endtime="20231119 00:24:49.487"/>
</kw>
<kw name="Mas é apresentado meio de pagamento indisponível">
<kw name="No Operation" library="BuiltIn">
<doc>Does absolutely nothing.</doc>
<status status="PASS" starttime="20231119 00:24:49.487" endtime="20231119 00:24:49.487"/>
</kw>
<status status="PASS" starttime="20231119 00:24:49.487" endtime="20231119 00:24:49.487"/>
</kw>
<status status="PASS" starttime="20231119 00:24:49.482" endtime="20231119 00:24:49.488"/>
</test>
<kw name="No Operation" library="BuiltIn" type="TEARDOWN">
<doc>Does absolutely nothing.</doc>
<status status="PASS" starttime="20231119 00:24:49.488" endtime="20231119 00:24:49.488"/>
</kw>
<doc>This is the documentation
A continued line of documentation</doc>
<meta name="Nome">Value</meta>
<status status="PASS" starttime="20231119 00:24:49.110" endtime="20231119 00:24:49.488"/>
</suite>
<statistics>
<total>
<stat pass="3" fail="0" skip="0">All Tests</stat>
</total>
<tag>
<stat pass="2" fail="0" skip="0">first</stat>
<stat pass="2" fail="0" skip="0">second</stat>
</tag>
<suite>
<stat pass="3" fail="0" skip="0" id="s1" name="Full Test Pt">Full Test Pt</stat>
</suite>
</statistics>
<errors>
</errors>
</robot>
